2023-06-02 16:05:59 error: [GET] /api/users/notificationPreference/get >> StatusCode:: 500, Message:: Sorry, HTTP resource you are looking for was not found.
2023-06-02 16:05:59 error: [GET] /api/users/notificationPreference/get >> StatusCode:: 500, Message:: Sorry, HTTP resource you are looking for was not found.
2023-06-02 16:05:59 error: [GET] /api/users/notificationPrefeerence/get >> StatusCode:: 500, Message:: Sorry, HTTP resource you are looking for was not found.
2023-06-02 16:07:27 error: [GET] /api/users/notificationPreference/get >> StatusCode:: 500, Message:: Sorry, HTTP resource you are looking for was not found.
2023-06-02 16:07:27 error: [GET] /api/users/notificationPreference/get >> StatusCode:: 500, Message:: Sorry, HTTP resource you are looking for was not found.
2023-06-02 16:07:27 error: [GET] /api/users/notificationPrefeerence/get >> StatusCode:: 500, Message:: Sorry, HTTP resource you are looking for was not found.
2023-06-02 16:09:48 error: [GET] /api/users/notificationPreference/get >> StatusCode:: 500, Message:: Sorry, HTTP resource you are looking for was not found.
2023-06-02 16:09:48 error: [GET] /api/users/notificationPreference/get >> StatusCode:: 500, Message:: Sorry, HTTP resource you are looking for was not found.
2023-06-02 16:09:48 error: [GET] /api/users/notificationPrefeerence/get >> StatusCode:: 500, Message:: Sorry, HTTP resource you are looking for was not found.
2023-06-02 16:14:32 error: [GET] /api/users/notificationPreference/get >> StatusCode:: 500, Message:: Sorry, HTTP resource you are looking for was not found.
2023-06-02 16:14:32 error: [GET] /api/users/notificationPreference/get >> StatusCode:: 500, Message:: Sorry, HTTP resource you are looking for was not found.
2023-06-02 16:14:32 error: [GET] /api/users/notificationPrefeerence/get >> StatusCode:: 500, Message:: Sorry, HTTP resource you are looking for was not found.
2023-06-02 16:16:30 error: [GET] /api/users/notificationPreference/get >> StatusCode:: 500, Message:: Sorry, HTTP resource you are looking for was not found.
2023-06-02 16:16:30 error: [GET] /api/users/notificationPreference/get >> StatusCode:: 500, Message:: Sorry, HTTP resource you are looking for was not found.
2023-06-02 16:16:30 error: [GET] /api/users/notificationPrefeerence/get >> StatusCode:: 500, Message:: Sorry, HTTP resource you are looking for was not found.
2023-06-02 16:17:41 error: [GET] /api/users/notificationPreference/get >> StatusCode:: 500, Message:: Sorry, HTTP resource you are looking for was not found.
2023-06-02 16:17:41 error: [GET] /api/users/notificationPreference/get >> StatusCode:: 500, Message:: Sorry, HTTP resource you are looking for was not found.
2023-06-02 16:17:41 error: [GET] /api/users/notificationPrefeerence/get >> StatusCode:: 500, Message:: Sorry, HTTP resource you are looking for was not found.
2023-06-02 16:24:20 error: [GET] /api/users/notificationPreference/get >> StatusCode:: 500, Message:: Sorry, HTTP resource you are looking for was not found.
2023-06-02 16:24:20 error: [GET] /api/users/notificationPreference/get >> StatusCode:: 500, Message:: Sorry, HTTP resource you are looking for was not found.
2023-06-02 16:24:20 error: [GET] /api/users/notificationPrefeerence/get >> StatusCode:: 500, Message:: Sorry, HTTP resource you are looking for was not found.
2023-06-02 16:25:05 error: [GET] /api/users/notificationPreference/get >> StatusCode:: 500, Message:: Sorry, HTTP resource you are looking for was not found.
2023-06-02 16:25:05 error: [GET] /api/users/notificationPreference/get >> StatusCode:: 500, Message:: Sorry, HTTP resource you are looking for was not found.
2023-06-02 16:25:05 error: [GET] /api/users/notificationPrefeerence/get >> StatusCode:: 500, Message:: Sorry, HTTP resource you are looking for was not found.
2023-06-02 16:26:29 error: [GET] /api/users/notificationPreference/get >> StatusCode:: 500, Message:: Sorry, HTTP resource you are looking for was not found.
2023-06-02 16:26:29 error: [GET] /api/users/notificationPreference/get >> StatusCode:: 500, Message:: Sorry, HTTP resource you are looking for was not found.
2023-06-02 16:26:29 error: [GET] /api/users/notificationPrefeerence/get >> StatusCode:: 500, Message:: Sorry, HTTP resource you are looking for was not found.
2023-06-02 16:28:55 error: [GET] /api/users/notificationPreference/get >> StatusCode:: 500, Message:: Sorry, HTTP resource you are looking for was not found.
2023-06-02 16:28:55 error: [GET] /api/users/notificationPreference/get >> StatusCode:: 500, Message:: Sorry, HTTP resource you are looking for was not found.
2023-06-02 16:28:55 error: [GET] /api/users/notificationPrefeerence/get >> StatusCode:: 500, Message:: Sorry, HTTP resource you are looking for was not found.
2023-06-02 16:40:35 error: [GET] /api/courses/domainTechnology/getDomainTechnology/domains >> StatusCode:: 401, Message:: Unauthorized
2023-06-02 16:40:35 error: [GET] /api/courss/domainTechnology/getDomainTechnology/domain >> StatusCode:: 500, Message:: Sorry, HTTP resource you are looking for was not found.
2023-06-02 16:44:18 error: [GET] /api/courses/domainTechnology/getDomainTechnology/domains >> StatusCode:: 401, Message:: Unauthorized
2023-06-02 16:44:18 error: [GET] /api/courss/domainTechnology/getDomainTechnology/domain >> StatusCode:: 500, Message:: Sorry, HTTP resource you are looking for was not found.
2023-06-02 16:44:34 error: [GET] /api//notificationPreferenceusers/notificationPreference/get >> StatusCode:: 500, Message:: Sorry, HTTP resource you are looking for was not found.
2023-06-02 16:44:34 error: [GET] /api//notificationPreferenceusers/notificationPreference/get >> StatusCode:: 500, Message:: Sorry, HTTP resource you are looking for was not found.
2023-06-02 16:44:34 error: [GET] /api//notificationPreferenceusers/notificationPrefeerence/get >> StatusCode:: 500, Message:: Sorry, HTTP resource you are looking for was not found.
2023-06-02 16:46:18 error: [GET] /api/users//notificationPreferencenotificationPreference/get >> StatusCode:: 500, Message:: Sorry, HTTP resource you are looking for was not found.
2023-06-02 16:46:18 error: [GET] /api//notificationPreferenceusers/notificationPreference/get >> StatusCode:: 500, Message:: Sorry, HTTP resource you are looking for was not found.
2023-06-02 16:46:18 error: [GET] /api//notificationPreferenceusers/notificationPrefeerence/get >> StatusCode:: 500, Message:: Sorry, HTTP resource you are looking for was not found.
2023-06-02 16:47:16 error: [GET] /api/users//notificationPreferencenotificationPreference/get >> StatusCode:: 500, Message:: Sorry, HTTP resource you are looking for was not found.
2023-06-02 16:48:22 error: [GET] /api/users/notificationPreferencenotificationPreference/get >> StatusCode:: 500, Message:: Sorry, HTTP resource you are looking for was not found.
