2023-06-29 10:52:28 info: ../logs
2023-06-29 10:52:28 info: D:\athena-microservice\athena\apps\svc-user\src\app\util
2023-06-29 10:52:31 info: [0mPOST /api/users/resetPassword [32m200[0m 50.542 ms - 90[0m
2023-06-29 10:59:36 info: ../logs
2023-06-29 10:59:36 info: D:\athena-microservice\athena\apps\svc-user\src\app\util
2023-06-29 10:59:37 info: [0mPUT /api/users/forgotPassword [32m200[0m 570.164 ms - 122[0m
2023-06-29 10:59:37 info: [0mPUT /api/users/forgotPassword [32m200[0m 1.853 ms - 79[0m
2023-06-29 10:59:37 info: [0mPUT /api/users/forgotPassword [32m200[0m 42.416 ms - 84[0m
2023-06-29 10:59:37 info: [0mPOST /api/users/resetPassword [32m200[0m 16.236 ms - 90[0m
2023-06-29 11:00:59 info: ../logs
2023-06-29 11:00:59 info: D:\athena-microservice\athena\apps\svc-user\src\app\util
2023-06-29 11:01:01 info: [0mPUT /api/users/forgotPassword [32m200[0m 489.416 ms - 122[0m
2023-06-29 11:01:01 info: [0mPUT /api/users/forgotPassword [32m200[0m 2.007 ms - 77[0m
2023-06-29 11:01:01 info: [0mPUT /api/users/forgotPassword [32m200[0m 34.925 ms - 84[0m
2023-06-29 11:01:01 info: [0mPOST /api/users/resetPassword [32m200[0m 16.024 ms - 90[0m
2023-06-29 11:01:58 info: ../logs
2023-06-29 11:01:58 info: D:\athena-microservice\athena\apps\svc-user\src\app\util
2023-06-29 11:02:00 info: [0mPUT /api/users/forgotPassword [32m200[0m 494.629 ms - 122[0m
2023-06-29 11:02:00 info: [0mPUT /api/users/forgotPassword [32m200[0m 1.813 ms - 79[0m
2023-06-29 11:02:00 info: [0mPUT /api/users/forgotPassword [32m200[0m 31.817 ms - 84[0m
2023-06-29 11:02:00 info: [0mPOST /api/users/resetPassword [32m200[0m 13.977 ms - 90[0m
2023-06-29 11:08:19 info: ../logs
2023-06-29 11:08:19 info: D:\athena-microservice\athena\apps\svc-user\src\app\util
2023-06-29 11:08:23 info: [0mPUT /api/users/forgotPassword [32m200[0m 506.986 ms - 121[0m
2023-06-29 11:08:23 info: [0mPUT /api/users/forgotPassword [32m200[0m 1.825 ms - 79[0m
2023-06-29 11:08:23 info: [0mPUT /api/users/forgotPassword [32m200[0m 33.212 ms - 84[0m
2023-06-29 11:08:23 info: [0mPOST /api/users/resetPassword [32m200[0m 14.526 ms - 90[0m
2023-06-29 11:09:43 info: ../logs
2023-06-29 11:09:43 info: D:\athena-microservice\athena\apps\svc-user\src\app\util
2023-06-29 11:09:46 info: [0mPUT /api/users/forgotPassword [32m200[0m 483.785 ms - 261[0m
2023-06-29 11:09:46 info: [0mPUT /api/users/forgotPassword [32m200[0m 1.519 ms - 79[0m
2023-06-29 11:09:46 info: [0mPUT /api/users/forgotPassword [32m200[0m 35.040 ms - 84[0m
2023-06-29 11:09:46 info: [0mPOST /api/users/resetPassword [32m200[0m 13.369 ms - 90[0m
2023-06-29 11:10:46 info: ../logs
2023-06-29 11:10:46 info: D:\athena-microservice\athena\apps\svc-user\src\app\util
2023-06-29 11:10:48 info: [0mPUT /api/users/forgotPassword [32m200[0m 496.398 ms - 261[0m
2023-06-29 11:10:48 info: [0mPUT /api/users/forgotPassword [32m200[0m 1.758 ms - 79[0m
2023-06-29 11:10:48 info: [0mPUT /api/users/forgotPassword [32m200[0m 34.425 ms - 84[0m
2023-06-29 11:10:48 info: [0mPOST /api/users/resetPassword [32m200[0m 14.476 ms - 90[0m
2023-06-29 11:12:17 info: ../logs
2023-06-29 11:12:17 info: D:\athena-microservice\athena\apps\svc-user\src\app\util
2023-06-29 11:12:18 info: [0mPUT /api/users/forgotPassword [32m200[0m 488.657 ms - 261[0m
2023-06-29 11:12:18 info: [0mPUT /api/users/forgotPassword [32m200[0m 1.583 ms - 79[0m
2023-06-29 11:12:18 info: [0mPUT /api/users/forgotPassword [32m200[0m 34.542 ms - 84[0m
2023-06-29 11:12:18 info: [0mPOST /api/users/resetPassword [32m200[0m 36.329 ms - 90[0m
2023-06-29 11:13:17 info: ../logs
2023-06-29 11:13:17 info: D:\athena-microservice\athena\apps\svc-user\src\app\util
2023-06-29 11:13:19 info: [0mPUT /api/users/forgotPassword [32m200[0m 526.589 ms - 261[0m
2023-06-29 11:13:19 info: [0mPUT /api/users/forgotPassword [32m200[0m 1.818 ms - 79[0m
2023-06-29 11:13:19 info: [0mPUT /api/users/forgotPassword [32m200[0m 35.713 ms - 84[0m
2023-06-29 11:13:19 info: [0mPOST /api/users/resetPassword [32m200[0m 38.855 ms - 90[0m
2023-06-29 11:14:50 info: ../logs
2023-06-29 11:14:50 info: D:\athena-microservice\athena\apps\svc-user\src\app\util
2023-06-29 11:14:51 info: [0mPUT /api/users/forgotPassword [32m200[0m 502.046 ms - 261[0m
2023-06-29 11:14:51 info: [0mPUT /api/users/forgotPassword [32m200[0m 1.599 ms - 79[0m
2023-06-29 11:14:51 info: [0mPUT /api/users/forgotPassword [32m200[0m 31.569 ms - 84[0m
2023-06-29 11:14:51 info: [0mPOST /api/users/resetPassword [32m200[0m 35.743 ms - 90[0m
2023-06-29 11:15:33 info: ../logs
2023-06-29 11:15:33 info: D:\athena-microservice\athena\apps\svc-user\src\app\util
2023-06-29 11:15:34 info: [0mPUT /api/users/forgotPassword [32m200[0m 574.671 ms - 261[0m
2023-06-29 11:15:34 info: [0mPUT /api/users/forgotPassword [32m200[0m 4.501 ms - 79[0m
2023-06-29 11:15:34 info: [0mPUT /api/users/forgotPassword [32m200[0m 47.606 ms - 84[0m
2023-06-29 11:15:35 info: [0mPOST /api/users/resetPassword [32m200[0m 82.915 ms - 90[0m
2023-06-29 11:17:47 info: ../logs
2023-06-29 11:17:47 info: D:\athena-microservice\athena\apps\svc-user\src\app\util
2023-06-29 11:17:49 info: [0mPUT /api/users/forgotPassword [32m200[0m 523.201 ms - 261[0m
2023-06-29 11:17:49 info: [0mPUT /api/users/forgotPassword [32m200[0m 2.770 ms - 79[0m
2023-06-29 11:17:49 info: [0mPUT /api/users/forgotPassword [32m200[0m 35.262 ms - 84[0m
2023-06-29 11:17:49 info: [0mPOST /api/users/resetPassword [32m200[0m 38.398 ms - 90[0m
2023-06-29 11:18:23 info: ../logs
2023-06-29 11:18:23 info: D:\athena-microservice\athena\apps\svc-user\src\app\util
2023-06-29 11:18:24 info: [0mPUT /api/users/forgotPassword [32m200[0m 569.104 ms - 261[0m
2023-06-29 11:18:24 info: [0mPUT /api/users/forgotPassword [32m200[0m 1.643 ms - 79[0m
2023-06-29 11:18:24 info: [0mPUT /api/users/forgotPassword [32m200[0m 29.084 ms - 84[0m
2023-06-29 11:18:24 info: [0mPOST /api/users/resetPassword [32m200[0m 40.438 ms - 90[0m
2023-06-29 11:20:47 info: ../logs
2023-06-29 11:20:47 info: D:\athena-microservice\athena\apps\svc-user\src\app\util
2023-06-29 11:20:48 info: [0mPUT /api/users/forgotPassword [32m200[0m 612.690 ms - 261[0m
2023-06-29 11:20:48 info: [0mPUT /api/users/forgotPassword [32m200[0m 2.086 ms - 79[0m
2023-06-29 11:20:48 info: [0mPUT /api/users/forgotPassword [32m200[0m 30.051 ms - 84[0m
2023-06-29 11:20:48 info: [0mPOST /api/users/resetPassword [32m200[0m 42.998 ms - 90[0m
2023-06-29 11:21:43 info: ../logs
2023-06-29 11:21:43 info: D:\athena-microservice\athena\apps\svc-user\src\app\util
2023-06-29 11:21:45 info: [0mPUT /api/users/forgotPassword [32m200[0m 540.413 ms - 261[0m
2023-06-29 11:21:45 info: [0mPUT /api/users/forgotPassword [32m200[0m 2.794 ms - 79[0m
2023-06-29 11:21:45 info: [0mPUT /api/users/forgotPassword [32m200[0m 34.081 ms - 84[0m
2023-06-29 11:21:45 info: [0mPOST /api/users/resetPassword [32m200[0m 48.636 ms - 90[0m
2023-06-29 11:22:40 info: ../logs
2023-06-29 11:22:40 info: D:\athena-microservice\athena\apps\svc-user\src\app\util
2023-06-29 11:22:42 info: [0mPUT /api/users/forgotPassword [32m200[0m 552.571 ms - 261[0m
2023-06-29 11:22:42 info: [0mPUT /api/users/forgotPassword [32m200[0m 4.245 ms - 79[0m
2023-06-29 11:22:42 info: [0mPUT /api/users/forgotPassword [32m200[0m 33.462 ms - 84[0m
2023-06-29 11:22:42 info: [0mPOST /api/users/resetPassword [32m200[0m 184.543 ms - 111[0m
2023-06-29 11:23:57 info: ../logs
2023-06-29 11:23:57 info: D:\athena-microservice\athena\apps\svc-user\src\app\util
2023-06-29 11:23:59 info: [0mPUT /api/users/forgotPassword [32m200[0m 605.699 ms - 261[0m
2023-06-29 11:23:59 info: [0mPUT /api/users/forgotPassword [32m200[0m 4.811 ms - 79[0m
2023-06-29 11:23:59 info: [0mPUT /api/users/forgotPassword [32m200[0m 45.559 ms - 84[0m
2023-06-29 11:23:59 info: [0mPOST /api/users/resetPassword [32m200[0m 254.407 ms - 111[0m
2023-06-29 11:23:59 info: [0mPOST /api/users/resetPassword [32m200[0m 20.959 ms - 90[0m
2023-06-29 11:26:10 info: ../logs
2023-06-29 11:26:10 info: D:\athena-microservice\athena\apps\svc-user\src\app\util
2023-06-29 11:26:12 info: [0mPUT /api/users/forgotPassword [32m200[0m 558.479 ms - 261[0m
2023-06-29 11:26:12 info: [0mPUT /api/users/forgotPassword [32m200[0m 2.226 ms - 79[0m
2023-06-29 11:26:12 info: [0mPUT /api/users/forgotPassword [32m200[0m 39.106 ms - 84[0m
2023-06-29 11:26:12 info: [0mPOST /api/users/resetPassword [32m200[0m 143.384 ms - 111[0m
2023-06-29 11:26:12 info: [0mPOST /api/users/resetPassword [32m200[0m 17.062 ms - 128[0m
2023-06-29 11:26:12 info: [0mPOST /api/users/resetPassword [32m200[0m 33.436 ms - 88[0m
2023-06-29 11:27:20 info: ../logs
2023-06-29 11:27:20 info: D:\athena-microservice\athena\apps\svc-user\src\app\util
2023-06-29 11:27:22 info: [0mPUT /api/users/forgotPassword [32m200[0m 535.969 ms - 261[0m
2023-06-29 11:27:22 info: [0mPUT /api/users/forgotPassword [32m200[0m 4.276 ms - 79[0m
2023-06-29 11:27:22 info: [0mPUT /api/users/forgotPassword [32m200[0m 33.844 ms - 84[0m
2023-06-29 11:27:22 info: [0mPOST /api/users/resetPassword [32m200[0m 225.324 ms - 111[0m
2023-06-29 11:27:22 info: [0mPOST /api/users/resetPassword [32m200[0m 26.344 ms - 128[0m
2023-06-29 11:27:22 info: [0mPOST /api/users/resetPassword [32m200[0m 48.998 ms - 88[0m
2023-06-29 11:28:27 info: ../logs
2023-06-29 11:28:27 info: D:\athena-microservice\athena\apps\svc-user\src\app\util
2023-06-29 11:28:29 info: [0mPUT /api/users/forgotPassword [32m200[0m 633.685 ms - 261[0m
2023-06-29 11:28:29 info: [0mPUT /api/users/forgotPassword [32m200[0m 2.447 ms - 79[0m
2023-06-29 11:28:29 info: [0mPUT /api/users/forgotPassword [32m200[0m 37.295 ms - 84[0m
2023-06-29 11:28:29 info: [0mPOST /api/users/resetPassword [32m200[0m 168.236 ms - 111[0m
2023-06-29 11:28:29 info: [0mPOST /api/users/resetPassword [32m200[0m 15.142 ms - 132[0m
2023-06-29 11:28:30 info: [0mPOST /api/users/resetPassword [32m200[0m 65.727 ms - 92[0m
2023-06-29 11:29:08 info: ../logs
2023-06-29 11:29:08 info: D:\athena-microservice\athena\apps\svc-user\src\app\util
2023-06-29 11:29:10 info: [0mPUT /api/users/forgotPassword [32m200[0m 577.551 ms - 261[0m
2023-06-29 11:29:10 info: [0mPUT /api/users/forgotPassword [32m200[0m 1.648 ms - 79[0m
2023-06-29 11:29:10 info: [0mPUT /api/users/forgotPassword [32m200[0m 33.310 ms - 84[0m
2023-06-29 11:29:10 info: [0mPOST /api/users/resetPassword [32m200[0m 232.479 ms - 111[0m
2023-06-29 11:29:10 info: [0mPOST /api/users/resetPassword [32m200[0m 18.659 ms - 142[0m
2023-06-29 11:29:10 info: [0mPOST /api/users/resetPassword [32m200[0m 39.761 ms - 96[0m
2023-06-29 11:29:44 info: ../logs
2023-06-29 11:29:44 info: D:\athena-microservice\athena\apps\svc-user\src\app\util
2023-06-29 11:29:46 info: [0mPUT /api/users/forgotPassword [32m200[0m 536.303 ms - 261[0m
2023-06-29 11:29:46 info: [0mPUT /api/users/forgotPassword [32m200[0m 1.675 ms - 79[0m
2023-06-29 11:29:46 info: [0mPUT /api/users/forgotPassword [32m200[0m 34.824 ms - 84[0m
2023-06-29 11:29:46 info: [0mPOST /api/users/resetPassword [32m200[0m 169.251 ms - 111[0m
2023-06-29 11:29:46 info: [0mPOST /api/users/resetPassword [32m200[0m 24.582 ms - 97[0m
2023-06-29 11:29:47 info: [0mPOST /api/users/resetPassword [32m200[0m 44.710 ms - 104[0m
2023-06-29 11:31:23 info: ../logs
2023-06-29 11:31:23 info: D:\athena-microservice\athena\apps\svc-user\src\app\util
2023-06-29 11:31:26 info: [0mPUT /api/users/forgotPassword [32m200[0m 544.535 ms - 261[0m
2023-06-29 11:31:26 info: [0mPUT /api/users/forgotPassword [32m200[0m 2.365 ms - 79[0m
2023-06-29 11:31:26 info: [0mPUT /api/users/forgotPassword [32m200[0m 34.809 ms - 84[0m
2023-06-29 11:31:26 info: [0mPOST /api/users/resetPassword [32m200[0m 169.232 ms - 111[0m
2023-06-29 11:31:26 info: [0mPOST /api/users/resetPassword [32m200[0m 12.017 ms - 89[0m
2023-06-29 11:31:26 info: [0mPOST /api/users/resetPassword [32m200[0m 82.292 ms - 96[0m
2023-06-29 11:33:04 info: ../logs
2023-06-29 11:33:04 info: D:\athena-microservice\athena\apps\svc-user\src\app\util
2023-06-29 11:33:06 info: [0mPUT /api/users/forgotPassword [32m200[0m 639.866 ms - 261[0m
2023-06-29 11:33:06 info: [0mPUT /api/users/forgotPassword [32m200[0m 3.589 ms - 79[0m
2023-06-29 11:33:06 info: [0mPUT /api/users/forgotPassword [32m200[0m 36.085 ms - 84[0m
2023-06-29 11:33:06 info: [0mPOST /api/users/resetPassword [32m200[0m 172.184 ms - 111[0m
2023-06-29 11:33:06 info: [0mPOST /api/users/resetPassword [32m200[0m 24.661 ms - 89[0m
2023-06-29 11:33:06 info: [0mPOST /api/users/resetPassword [32m200[0m 50.566 ms - 96[0m
2023-06-29 11:34:33 info: ../logs
2023-06-29 11:34:33 info: D:\athena-microservice\athena\apps\svc-user\src\app\util
2023-06-29 11:34:36 info: [0mPUT /api/users/forgotPassword [32m200[0m 595.107 ms - 261[0m
2023-06-29 11:34:36 info: [0mPUT /api/users/forgotPassword [32m200[0m 4.230 ms - 79[0m
2023-06-29 11:34:36 info: [0mPUT /api/users/forgotPassword [32m200[0m 36.664 ms - 84[0m
2023-06-29 11:34:36 info: [0mPOST /api/users/resetPassword [32m200[0m 223.263 ms - 111[0m
2023-06-29 11:34:36 info: [0mPOST /api/users/resetPassword [32m200[0m 38.654 ms - 89[0m
2023-06-29 11:34:36 info: [0mPOST /api/users/resetPassword [32m200[0m 12.042 ms - 79[0m
2023-06-29 11:38:53 info: ../logs
2023-06-29 11:38:53 info: D:\athena-microservice\athena\apps\svc-user\src\app\util
2023-06-29 11:38:56 info: [0mPUT /api/users/forgotPassword [32m200[0m 522.515 ms - 261[0m
2023-06-29 11:38:56 info: [0mPUT /api/users/forgotPassword [32m200[0m 1.634 ms - 79[0m
2023-06-29 11:38:56 info: [0mPUT /api/users/forgotPassword [32m200[0m 32.477 ms - 84[0m
2023-06-29 11:38:56 info: [0mPOST /api/users/resetPassword [32m200[0m 186.039 ms - 111[0m
2023-06-29 11:38:56 info: [0mPOST /api/users/resetPassword [32m200[0m 27.078 ms - 89[0m
2023-06-29 11:38:56 info: [0mPOST /api/users/resetPassword [32m200[0m 18.481 ms - 79[0m
2023-06-29 11:38:56 info: [0mPOST /api/users/resetPassword [32m200[0m 19.751 ms - 87[0m
2023-06-29 12:05:45 info: ../logs
2023-06-29 12:05:45 info: D:\athena-microservice\athena\apps\svc-user\src\app\util
2023-06-29 12:05:46 info: [0mPOST /api/users/setPassword [32m200[0m 51.844 ms - 78[0m
2023-06-29 12:06:58 info: ../logs
2023-06-29 12:06:58 info: D:\athena-microservice\athena\apps\svc-user\src\app\util
2023-06-29 12:07:00 info: [0mPOST /api/users/setPassword [32m200[0m 528.181 ms - 86[0m
2023-06-29 12:11:53 info: ../logs
2023-06-29 12:11:53 info: D:\athena-microservice\athena\apps\svc-user\src\app\util
2023-06-29 12:11:55 info: [0mPOST /api/users/signIn [32m200[0m 701.107 ms - -[0m
2023-06-29 12:11:55 info: [0mPOST /api/users/signIn [32m200[0m 110.414 ms - 85[0m
2023-06-29 12:11:55 info: [0mPOST /api/users/signIn [32m200[0m 3.226 ms - 130[0m
2023-06-29 12:11:55 info: [0mPOST /api/users/signIn [32m200[0m 1.977 ms - 93[0m
2023-06-29 12:11:55 info: [0mPOST /api/users/setPassword [32m200[0m 20.446 ms - 78[0m
2023-06-29 12:12:33 info: ../logs
2023-06-29 12:12:33 info: D:\athena-microservice\athena\apps\svc-user\src\app\util
2023-06-29 12:12:34 info: [0mPOST /api/users/signIn [32m200[0m 653.402 ms - -[0m
2023-06-29 12:12:34 info: [0mPOST /api/users/signIn [32m200[0m 121.774 ms - 85[0m
2023-06-29 12:12:34 info: [0mPOST /api/users/signIn [32m200[0m 3.166 ms - 130[0m
2023-06-29 12:12:34 info: [0mPOST /api/users/signIn [32m200[0m 1.862 ms - 93[0m
2023-06-29 12:12:34 info: [0mPOST /api/users/setPassword [32m200[0m 24.638 ms - 78[0m
2023-06-29 12:16:50 info: ../logs
2023-06-29 12:16:50 info: D:\athena-microservice\athena\apps\svc-user\src\app\util
2023-06-29 12:16:52 info: [0mPOST /api/users/signIn [32m200[0m 646.716 ms - -[0m
2023-06-29 12:16:52 info: [0mPOST /api/users/signIn [32m200[0m 112.398 ms - 85[0m
2023-06-29 12:16:52 info: [0mPOST /api/users/signIn [32m200[0m 3.349 ms - 130[0m
2023-06-29 12:16:52 info: [0mPOST /api/users/signIn [32m200[0m 2.145 ms - 93[0m
2023-06-29 12:16:52 info: [0mPOST /api/users/setPassword [32m200[0m 122.710 ms - 86[0m
2023-06-29 12:17:17 info: ../logs
2023-06-29 12:17:17 info: D:\athena-microservice\athena\apps\svc-user\src\app\util
2023-06-29 12:17:19 info: [0mPOST /api/users/signIn [32m200[0m 738.145 ms - -[0m
2023-06-29 12:17:19 info: [0mPOST /api/users/signIn [32m200[0m 134.016 ms - 85[0m
2023-06-29 12:17:19 info: [0mPOST /api/users/signIn [32m200[0m 6.328 ms - 130[0m
2023-06-29 12:17:19 info: [0mPOST /api/users/signIn [32m200[0m 1.792 ms - 93[0m
2023-06-29 12:17:20 info: [0mPOST /api/users/setPassword [32m200[0m 447.476 ms - 98[0m
2023-06-29 12:18:33 info: ../logs
2023-06-29 12:18:33 info: D:\athena-microservice\athena\apps\svc-user\src\app\util
2023-06-29 12:18:35 info: [0mPOST /api/users/signIn [32m200[0m 593.831 ms - 85[0m
2023-06-29 12:18:35 info: [0mPOST /api/users/signIn [32m200[0m 115.559 ms - 85[0m
2023-06-29 12:18:35 info: [0mPOST /api/users/signIn [32m200[0m 3.087 ms - 130[0m
2023-06-29 12:18:35 info: [0mPOST /api/users/signIn [32m200[0m 2.358 ms - 93[0m
2023-06-29 12:18:35 info: [0mPOST /api/users/setPassword [32m200[0m 19.435 ms - 78[0m
2023-06-29 12:20:24 info: ../logs
2023-06-29 12:20:24 info: D:\athena-microservice\athena\apps\svc-user\src\app\util
2023-06-29 12:20:25 info: [0mPOST /api/users/signIn [32m200[0m 563.330 ms - 85[0m
2023-06-29 12:20:26 info: [0mPOST /api/users/signIn [32m200[0m 114.324 ms - 85[0m
2023-06-29 12:20:26 info: [0mPOST /api/users/signIn [32m200[0m 4.321 ms - 130[0m
2023-06-29 12:20:26 info: [0mPOST /api/users/signIn [32m200[0m 1.621 ms - 93[0m
2023-06-29 12:20:26 info: [0mPOST /api/users/setPassword [32m200[0m 27.351 ms - 78[0m
2023-06-29 12:23:27 info: ../logs
2023-06-29 12:23:27 info: D:\athena-microservice\athena\apps\svc-user\src\app\util
2023-06-29 12:23:28 info: [0mPOST /api/users/setPassword [32m200[0m 49.768 ms - 78[0m
2023-06-29 12:23:28 info: [0mPOST /api/users/resetPassword [32m200[0m 12.419 ms - 79[0m
2023-06-29 12:25:09 info: ../logs
2023-06-29 12:25:09 info: D:\athena-microservice\athena\apps\svc-user\src\app\util
2023-06-29 12:25:10 info: [0mPOST /api/users/setPassword [32m200[0m 42.355 ms - 78[0m
2023-06-29 12:25:10 info: [0mPOST /api/users/resetPassword [32m200[0m 21.232 ms - 87[0m
2023-06-29 12:27:15 info: ../logs
2023-06-29 12:27:15 info: D:\athena-microservice\athena\apps\svc-user\src\app\util
2023-06-29 12:27:16 info: [0mPOST /api/users/setPassword [32m200[0m 50.859 ms - 78[0m
2023-06-29 12:27:16 info: [0mPOST /api/users/resetPassword [32m200[0m 12.531 ms - 79[0m
2023-06-29 12:27:17 info: [0mPOST /api/users/setPassword [32m200[0m 492.701 ms - 98[0m
2023-06-29 12:28:23 info: ../logs
2023-06-29 12:28:23 info: D:\athena-microservice\athena\apps\svc-user\src\app\util
2023-06-29 12:28:24 info: [0mPOST /api/users/setPassword [32m200[0m 54.691 ms - 78[0m
2023-06-29 12:28:24 info: [0mPOST /api/users/resetPassword [32m200[0m 13.902 ms - 79[0m
2023-06-29 12:28:25 info: [0mPOST /api/users/setPassword [32m200[0m 481.253 ms - 98[0m
2023-06-29 12:29:10 info: ../logs
2023-06-29 12:29:10 info: D:\athena-microservice\athena\apps\svc-user\src\app\util
2023-06-29 12:29:11 info: [0mPOST /api/users/setPassword [32m200[0m 59.390 ms - 78[0m
2023-06-29 12:29:11 info: [0mPOST /api/users/setPassword [32m200[0m 17.190 ms - 78[0m
2023-06-29 12:29:12 info: [0mPOST /api/users/setPassword [32m200[0m 499.709 ms - 98[0m
2023-06-29 12:30:21 info: ../logs
2023-06-29 12:30:21 info: D:\athena-microservice\athena\apps\svc-user\src\app\util
2023-06-29 12:30:22 info: [0mPOST /api/users/setPassword [32m200[0m 45.618 ms - 78[0m
2023-06-29 12:30:23 info: [0mPOST /api/users/setPassword [32m200[0m 500.963 ms - 98[0m
2023-06-29 12:31:57 info: ../logs
2023-06-29 12:31:57 info: D:\athena-microservice\athena\apps\svc-user\src\app\util
2023-06-29 12:31:59 info: [0mPOST /api/users/setPassword [32m200[0m 41.781 ms - 78[0m
2023-06-29 12:32:51 info: ../logs
2023-06-29 12:32:51 info: D:\athena-microservice\athena\apps\svc-user\src\app\util
2023-06-29 12:32:52 info: [0mPOST /api/users/setPassword [32m200[0m 41.857 ms - 78[0m
2023-06-29 12:32:52 info: [0mPOST /api/users/setPassword [32m200[0m 388.531 ms - 95[0m
2023-06-29 12:33:35 info: ../logs
2023-06-29 12:33:35 info: D:\athena-microservice\athena\apps\svc-user\src\app\util
2023-06-29 12:33:36 info: [0mPOST /api/users/setPassword [32m200[0m 52.126 ms - 78[0m
2023-06-29 12:33:37 info: [0mPOST /api/users/setPassword [32m200[0m 405.811 ms - 95[0m
2023-06-29 12:33:54 info: ../logs
2023-06-29 12:33:54 info: D:\athena-microservice\athena\apps\svc-user\src\app\util
2023-06-29 12:33:55 info: [0mPOST /api/users/setPassword [32m200[0m 51.731 ms - 78[0m
2023-06-29 12:33:56 info: [0mPOST /api/users/setPassword [32m200[0m 420.058 ms - 95[0m
