2023-06-21 11:02:03 info: ../logs
2023-06-21 11:02:03 info: D:\athena-microservice\athena\libs\shared\logger\src\lib
2023-06-21 11:02:05 error: [DELETE] /api/users/clients/undefined >> StatusCode:: 500, Message:: Sorry, HTTP resource you are looking for was not found.
2023-06-21 11:03:37 info: ../logs
2023-06-21 11:03:37 info: D:\athena-microservice\athena\libs\shared\logger\src\lib
2023-06-21 11:03:38 error: [DELETE] /api/users/clients/[3]/disable >> StatusCode:: 500, Message:: Sorry, HTTP resource you are looking for was not found.
2023-06-21 11:04:50 info: ../logs
2023-06-21 11:04:50 info: D:\athena-microservice\athena\libs\shared\logger\src\lib
2023-06-21 11:04:51 error: [DELETE] /api/users/clients/[3]/disable >> StatusCode:: 500, Message:: Sorry, HTTP resource you are looking for was not found.
2023-06-21 11:05:41 info: ../logs
2023-06-21 11:05:41 info: D:\athena-microservice\athena\libs\shared\logger\src\lib
2023-06-21 11:06:50 info: ../logs
2023-06-21 11:06:50 info: D:\athena-microservice\athena\libs\shared\logger\src\lib
2023-06-21 11:07:18 info: ../logs
2023-06-21 11:07:18 info: D:\athena-microservice\athena\libs\shared\logger\src\lib
2023-06-21 11:07:56 info: ../logs
2023-06-21 11:07:56 info: D:\athena-microservice\athena\libs\shared\logger\src\lib
2023-06-21 11:09:22 info: ../logs
2023-06-21 11:09:22 info: D:\athena-microservice\athena\libs\shared\logger\src\lib
2023-06-21 11:10:04 info: ../logs
2023-06-21 11:10:04 info: D:\athena-microservice\athena\libs\shared\logger\src\lib
2023-06-21 11:10:52 info: ../logs
2023-06-21 11:10:52 info: D:\athena-microservice\athena\libs\shared\logger\src\lib
2023-06-21 11:11:36 info: ../logs
2023-06-21 11:11:36 info: D:\athena-microservice\athena\libs\shared\logger\src\lib
2023-06-21 11:19:44 info: ../logs
2023-06-21 11:19:44 info: D:\athena-microservice\athena\libs\shared\logger\src\lib
2023-06-21 11:20:48 info: ../logs
2023-06-21 11:20:48 info: D:\athena-microservice\athena\libs\shared\logger\src\lib
2023-06-21 11:21:35 info: ../logs
2023-06-21 11:21:35 info: D:\athena-microservice\athena\libs\shared\logger\src\lib
2023-06-21 11:23:04 info: ../logs
2023-06-21 11:23:04 info: D:\athena-microservice\athena\libs\shared\logger\src\lib
2023-06-21 11:24:08 info: ../logs
2023-06-21 11:24:08 info: D:\athena-microservice\athena\libs\shared\logger\src\lib
2023-06-21 11:25:09 info: ../logs
2023-06-21 11:25:09 info: D:\athena-microservice\athena\libs\shared\logger\src\lib
2023-06-21 11:25:54 info: ../logs
2023-06-21 11:25:54 info: D:\athena-microservice\athena\libs\shared\logger\src\lib
2023-06-21 12:47:20 info: ../logs
2023-06-21 12:47:20 info: D:\athena-microservice\athena\libs\shared\logger\src\lib
2023-06-21 12:47:22 error: [POST] /api/users/clients/createClient >> StatusCode:: 401, Message:: Unauthorized
2023-06-21 12:47:22 error: [POST] /api/users/clients/createClien >> StatusCode:: 500, Message:: Sorry, HTTP resource you are looking for was not found.
2023-06-21 12:50:17 info: ../logs
2023-06-21 12:50:17 info: D:\athena-microservice\athena\libs\shared\logger\src\lib
2023-06-21 12:50:18 error: [POST] /api/users/clients/createClien >> StatusCode:: 500, Message:: Sorry, HTTP resource you are looking for was not found.
2023-06-21 12:51:00 info: ../logs
2023-06-21 12:51:00 info: D:\athena-microservice\athena\libs\shared\logger\src\lib
2023-06-21 12:52:44 info: ../logs
2023-06-21 12:52:44 info: D:\athena-microservice\athena\libs\shared\logger\src\lib
2023-06-21 12:52:46 error: [POST] /api/users/clients/createClient >> StatusCode:: 401, Message:: Unauthorized
2023-06-21 12:52:46 error: [POST] /api/users/clients/createClien >> StatusCode:: 500, Message:: Sorry, HTTP resource you are looking for was not found.
2023-06-21 12:54:19 info: ../logs
2023-06-21 12:54:19 info: D:\athena-microservice\athena\libs\shared\logger\src\lib
2023-06-21 12:54:20 error: [POST] /api/users/clients/createClient >> StatusCode:: 401, Message:: Unauthorized
2023-06-21 12:54:21 error: [POST] /api/users/clients/createClien >> StatusCode:: 500, Message:: Sorry, HTTP resource you are looking for was not found.
2023-06-21 12:58:00 info: ../logs
2023-06-21 12:58:00 info: D:\athena-microservice\athena\libs\shared\logger\src\lib
2023-06-21 12:58:02 error: [POST] /api/users/clients/createClient >> StatusCode:: 401, Message:: Unauthorized
2023-06-21 12:58:02 error: [POST] /api/users/clients/createClien >> StatusCode:: 500, Message:: Sorry, HTTP resource you are looking for was not found.
2023-06-21 12:58:17 info: ../logs
2023-06-21 12:58:17 info: D:\athena-microservice\athena\libs\shared\logger\src\lib
2023-06-21 12:58:19 error: [POST] /api/users/clients/createClient >> StatusCode:: 401, Message:: Unauthorized
2023-06-21 12:58:20 error: [POST] /api/users/clients/createClien >> StatusCode:: 500, Message:: Sorry, HTTP resource you are looking for was not found.
2023-06-21 12:59:19 info: ../logs
2023-06-21 12:59:19 info: D:\athena-microservice\athena\libs\shared\logger\src\lib
2023-06-21 12:59:21 error: [POST] /api/users/clients/createClient >> StatusCode:: 401, Message:: Unauthorized
2023-06-21 12:59:21 error: [POST] /api/users/clients/createClien >> StatusCode:: 500, Message:: Sorry, HTTP resource you are looking for was not found.
2023-06-21 13:02:03 info: ../logs
2023-06-21 13:02:03 info: D:\athena-microservice\athena\libs\shared\logger\src\lib
2023-06-21 13:02:05 error: [POST] /api/users/clients/createClient >> StatusCode:: 401, Message:: Unauthorized
2023-06-21 13:02:06 error: [POST] /api/users/clients/createClien >> StatusCode:: 500, Message:: Sorry, HTTP resource you are looking for was not found.
2023-06-21 13:02:06 error: [GET] /api/users/clients/undefined >> StatusCode:: 500, Message:: Sorry, HTTP resource you are looking for was not found.
2023-06-21 13:03:06 info: ../logs
2023-06-21 13:03:06 info: D:\athena-microservice\athena\libs\shared\logger\src\lib
2023-06-21 13:03:08 error: [POST] /api/users/clients/createClient >> StatusCode:: 401, Message:: Unauthorized
2023-06-21 13:03:08 error: [POST] /api/users/clients/createClien >> StatusCode:: 500, Message:: Sorry, HTTP resource you are looking for was not found.
2023-06-21 13:03:09 error: [GET] /api/users/clients/29 >> StatusCode:: 401, Message:: Unauthorized
2023-06-21 13:04:14 info: ../logs
2023-06-21 13:04:14 info: D:\athena-microservice\athena\libs\shared\logger\src\lib
2023-06-21 13:04:16 error: [POST] /api/users/clients/createClient >> StatusCode:: 401, Message:: Unauthorized
2023-06-21 13:04:16 error: [POST] /api/users/clients/createClien >> StatusCode:: 500, Message:: Sorry, HTTP resource you are looking for was not found.
2023-06-21 13:04:17 error: [GET] /api/users/clients/29 >> StatusCode:: 409, Message:: Client doesn't exist
2023-06-21 13:04:42 info: ../logs
2023-06-21 13:04:42 info: D:\athena-microservice\athena\libs\shared\logger\src\lib
2023-06-21 13:04:44 error: [POST] /api/users/clients/createClient >> StatusCode:: 401, Message:: Unauthorized
2023-06-21 13:04:44 error: [POST] /api/users/clients/createClien >> StatusCode:: 500, Message:: Sorry, HTTP resource you are looking for was not found.
2023-06-21 13:04:45 error: [GET] /api/users/clients/29 >> StatusCode:: 409, Message:: Client doesn't exist
2023-06-21 13:05:39 info: ../logs
2023-06-21 13:05:39 info: D:\athena-microservice\athena\libs\shared\logger\src\lib
2023-06-21 13:05:41 error: [POST] /api/users/clients/createClient >> StatusCode:: 401, Message:: Unauthorized
2023-06-21 13:05:42 error: [POST] /api/users/clients/createClien >> StatusCode:: 500, Message:: Sorry, HTTP resource you are looking for was not found.
2023-06-21 13:05:42 error: [GET] /api/users/clients/29 >> StatusCode:: 409, Message:: Client doesn't exist
2023-06-21 13:06:05 info: ../logs
2023-06-21 13:06:05 info: D:\athena-microservice\athena\libs\shared\logger\src\lib
2023-06-21 13:06:07 error: [POST] /api/users/clients/createClient >> StatusCode:: 401, Message:: Unauthorized
2023-06-21 13:06:08 error: [POST] /api/users/clients/createClien >> StatusCode:: 500, Message:: Sorry, HTTP resource you are looking for was not found.
2023-06-21 13:06:08 error: [GET] /api/users/clients/29 >> StatusCode:: 409, Message:: Client doesn't exist
2023-06-21 13:06:55 info: ../logs
2023-06-21 13:06:55 info: D:\athena-microservice\athena\libs\shared\logger\src\lib
2023-06-21 13:06:57 error: [POST] /api/users/clients/createClient >> StatusCode:: 401, Message:: Unauthorized
2023-06-21 13:06:58 error: [POST] /api/users/clients/createClien >> StatusCode:: 500, Message:: Sorry, HTTP resource you are looking for was not found.
2023-06-21 13:06:58 error: [GET] /api/users/clients/29 >> StatusCode:: 409, Message:: Client doesn't exist
2023-06-21 13:10:09 info: ../logs
2023-06-21 13:10:09 info: D:\athena-microservice\athena\libs\shared\logger\src\lib
2023-06-21 13:10:11 error: [POST] /api/users/clients/createClient >> StatusCode:: 401, Message:: Unauthorized
2023-06-21 13:10:12 error: [POST] /api/users/clients/createClien >> StatusCode:: 500, Message:: Sorry, HTTP resource you are looking for was not found.
2023-06-21 13:10:12 error: [GET] /api/users/clients/29 >> StatusCode:: 409, Message:: Client doesn't exist
2023-06-21 13:10:13 error: [GET] /api/users/clients/29 >> StatusCode:: 401, Message:: Unauthorized
2023-06-21 13:10:13 error: [GET] /api/users/clients/a >> StatusCode:: 500, Message:: Sorry, HTTP resource you are looking for was not found.
2023-06-21 13:10:13 error: [GET] /api/user/clients/29 >> StatusCode:: 500, Message:: Sorry, HTTP resource you are looking for was not found.
2023-06-21 13:11:32 info: ../logs
2023-06-21 13:11:32 info: D:\athena-microservice\athena\libs\shared\logger\src\lib
2023-06-21 13:11:34 error: [POST] /api/users/clients/createClient >> StatusCode:: 401, Message:: Unauthorized
2023-06-21 13:11:34 error: [POST] /api/users/clients/createClien >> StatusCode:: 500, Message:: Sorry, HTTP resource you are looking for was not found.
2023-06-21 13:11:35 error: [GET] /api/users/clients/29 >> StatusCode:: 401, Message:: Unauthorized
2023-06-21 13:11:35 error: [GET] /api/users/clients/a >> StatusCode:: 500, Message:: Sorry, HTTP resource you are looking for was not found.
2023-06-21 13:11:35 error: [GET] /api/user/clients/29 >> StatusCode:: 500, Message:: Sorry, HTTP resource you are looking for was not found.
2023-06-21 13:13:33 info: ../logs
2023-06-21 13:13:33 info: D:\athena-microservice\athena\libs\shared\logger\src\lib
2023-06-21 13:13:35 error: [POST] /api/users/clients/createClient >> StatusCode:: 401, Message:: Unauthorized
2023-06-21 13:13:36 error: [POST] /api/users/clients/createClien >> StatusCode:: 500, Message:: Sorry, HTTP resource you are looking for was not found.
2023-06-21 13:13:36 error: [GET] /api/users/clients/29 >> StatusCode:: 401, Message:: Unauthorized
2023-06-21 13:13:37 error: [GET] /api/users/clients/a >> StatusCode:: 500, Message:: Sorry, HTTP resource you are looking for was not found.
2023-06-21 13:13:37 error: [GET] /api/user/clients/29 >> StatusCode:: 500, Message:: Sorry, HTTP resource you are looking for was not found.
2023-06-21 13:14:47 info: ../logs
2023-06-21 13:14:47 info: D:\athena-microservice\athena\libs\shared\logger\src\lib
2023-06-21 13:14:49 error: [POST] /api/users/clients/createClient >> StatusCode:: 401, Message:: Unauthorized
2023-06-21 13:14:50 error: [POST] /api/users/clients/createClien >> StatusCode:: 500, Message:: Sorry, HTTP resource you are looking for was not found.
2023-06-21 13:14:50 error: [GET] /api/users/clients/undefined >> StatusCode:: 500, Message:: Sorry, HTTP resource you are looking for was not found.
2023-06-21 13:14:50 error: [GET] /api/users/clients/29 >> StatusCode:: 401, Message:: Unauthorized
2023-06-21 13:14:50 error: [GET] /api/users/clients/a >> StatusCode:: 500, Message:: Sorry, HTTP resource you are looking for was not found.
2023-06-21 13:14:51 error: [GET] /api/user/clients/29 >> StatusCode:: 500, Message:: Sorry, HTTP resource you are looking for was not found.
2023-06-21 13:15:24 info: ../logs
2023-06-21 13:15:24 info: D:\athena-microservice\athena\libs\shared\logger\src\lib
2023-06-21 13:15:26 error: [POST] /api/users/clients/createClient >> StatusCode:: 401, Message:: Unauthorized
2023-06-21 13:15:27 error: [POST] /api/users/clients/createClien >> StatusCode:: 500, Message:: Sorry, HTTP resource you are looking for was not found.
2023-06-21 13:15:27 error: [GET] /api/users/clients/29 >> StatusCode:: 401, Message:: Unauthorized
2023-06-21 13:15:28 error: [GET] /api/users/clients/a >> StatusCode:: 500, Message:: Sorry, HTTP resource you are looking for was not found.
2023-06-21 13:15:28 error: [GET] /api/user/clients/29 >> StatusCode:: 500, Message:: Sorry, HTTP resource you are looking for was not found.
2023-06-21 13:16:24 info: ../logs
2023-06-21 13:16:24 info: D:\athena-microservice\athena\libs\shared\logger\src\lib
2023-06-21 13:16:26 error: [POST] /api/users/clients/createClient >> StatusCode:: 401, Message:: Unauthorized
2023-06-21 13:16:27 error: [POST] /api/users/clients/createClien >> StatusCode:: 500, Message:: Sorry, HTTP resource you are looking for was not found.
2023-06-21 13:16:27 error: [GET] /api/users/clients/undefined >> StatusCode:: 500, Message:: Sorry, HTTP resource you are looking for was not found.
2023-06-21 13:16:27 error: [GET] /api/users/clients/29 >> StatusCode:: 401, Message:: Unauthorized
2023-06-21 13:16:27 error: [GET] /api/users/clients/a >> StatusCode:: 500, Message:: Sorry, HTTP resource you are looking for was not found.
2023-06-21 13:16:27 error: [GET] /api/user/clients/29 >> StatusCode:: 500, Message:: Sorry, HTTP resource you are looking for was not found.
2023-06-21 13:17:53 info: ../logs
2023-06-21 13:17:53 info: D:\athena-microservice\athena\libs\shared\logger\src\lib
2023-06-21 13:17:55 error: [POST] /api/users/clients/createClient >> StatusCode:: 401, Message:: Unauthorized
2023-06-21 13:17:56 error: [POST] /api/users/clients/createClien >> StatusCode:: 500, Message:: Sorry, HTTP resource you are looking for was not found.
2023-06-21 13:17:56 error: [GET] /api/users/clients/ >> StatusCode:: 500, Message:: Sorry, HTTP resource you are looking for was not found.
2023-06-21 13:17:57 error: [GET] /api/users/clients/29 >> StatusCode:: 401, Message:: Unauthorized
2023-06-21 13:17:57 error: [GET] /api/users/clients/a >> StatusCode:: 500, Message:: Sorry, HTTP resource you are looking for was not found.
2023-06-21 13:17:57 error: [GET] /api/user/clients/29 >> StatusCode:: 500, Message:: Sorry, HTTP resource you are looking for was not found.
2023-06-21 13:19:01 info: ../logs
2023-06-21 13:19:01 info: D:\athena-microservice\athena\libs\shared\logger\src\lib
2023-06-21 13:19:03 error: [POST] /api/users/clients/createClient >> StatusCode:: 401, Message:: Unauthorized
2023-06-21 13:19:04 error: [POST] /api/users/clients/createClien >> StatusCode:: 500, Message:: Sorry, HTTP resource you are looking for was not found.
2023-06-21 13:19:05 error: [GET] /api/users/clients/29 >> StatusCode:: 401, Message:: Unauthorized
2023-06-21 13:19:05 error: [GET] /api/users/clients/a >> StatusCode:: 500, Message:: Sorry, HTTP resource you are looking for was not found.
2023-06-21 13:19:05 error: [GET] /api/user/clients/29 >> StatusCode:: 500, Message:: Sorry, HTTP resource you are looking for was not found.
2023-06-21 13:20:12 info: ../logs
2023-06-21 13:20:12 info: D:\athena-microservice\athena\libs\shared\logger\src\lib
2023-06-21 13:20:13 error: [GET] /api/users/clients/undefined >> StatusCode:: 500, Message:: Sorry, HTTP resource you are looking for was not found.
2023-06-21 13:21:31 info: ../logs
2023-06-21 13:21:31 info: D:\athena-microservice\athena\libs\shared\logger\src\lib
2023-06-21 13:23:54 info: ../logs
2023-06-21 13:23:54 info: D:\athena-microservice\athena\libs\shared\logger\src\lib
2023-06-21 13:24:48 info: ../logs
2023-06-21 13:24:48 info: D:\athena-microservice\athena\libs\shared\logger\src\lib
2023-06-21 13:24:50 error: [POST] /api/users/clients/createClient >> StatusCode:: 401, Message:: Unauthorized
2023-06-21 13:24:50 error: [POST] /api/users/clients/createClien >> StatusCode:: 500, Message:: Sorry, HTTP resource you are looking for was not found.
2023-06-21 13:24:51 error: [GET] /api/users/clients/29 >> StatusCode:: 401, Message:: Unauthorized
2023-06-21 13:24:51 error: [GET] /api/users/clients/a >> StatusCode:: 500, Message:: Sorry, HTTP resource you are looking for was not found.
2023-06-21 13:24:52 error: [GET] /api/user/clients/29 >> StatusCode:: 500, Message:: Sorry, HTTP resource you are looking for was not found.
2023-06-21 13:26:20 info: ../logs
2023-06-21 13:26:20 info: D:\athena-microservice\athena\libs\shared\logger\src\lib
2023-06-21 13:26:23 error: [POST] /api/users/clients/createClient >> StatusCode:: 401, Message:: Unauthorized
2023-06-21 13:26:23 error: [POST] /api/users/clients/createClien >> StatusCode:: 500, Message:: Sorry, HTTP resource you are looking for was not found.
2023-06-21 13:26:24 error: [GET] /api/users/clients/29 >> StatusCode:: 401, Message:: Unauthorized
2023-06-21 13:26:24 error: [GET] /api/users/clients/a >> StatusCode:: 500, Message:: Sorry, HTTP resource you are looking for was not found.
2023-06-21 13:26:24 error: [GET] /api/user/clients/29 >> StatusCode:: 500, Message:: Sorry, HTTP resource you are looking for was not found.
2023-06-21 13:31:45 info: ../logs
2023-06-21 13:31:45 info: D:\athena-microservice\athena\libs\shared\logger\src\lib
2023-06-21 13:31:47 error: [GET] /api/users/clients/getAsllClients >> StatusCode:: 500, Message:: Sorry, HTTP resource you are looking for was not found.
2023-06-21 13:32:28 info: ../logs
2023-06-21 13:32:29 info: D:\athena-microservice\athena\libs\shared\logger\src\lib
2023-06-21 13:32:30 error: [GET] /api/users/clients/getAsllClients >> StatusCode:: 500, Message:: Sorry, HTTP resource you are looking for was not found.
2023-06-21 13:33:06 info: ../logs
2023-06-21 13:33:06 info: D:\athena-microservice\athena\libs\shared\logger\src\lib
2023-06-21 13:33:08 error: [GET] /api/users/clients/getAsllClients >> StatusCode:: 500, Message:: Sorry, HTTP resource you are looking for was not found.
2023-06-21 13:40:43 info: ../logs
2023-06-21 13:40:43 info: D:\athena-microservice\athena\libs\shared\logger\src\lib
2023-06-21 13:40:45 error: [POST] /api/users/clients/createClient >> StatusCode:: 401, Message:: Unauthorized
2023-06-21 13:40:45 error: [POST] /api/users/clients/createClien >> StatusCode:: 500, Message:: Sorry, HTTP resource you are looking for was not found.
2023-06-21 13:40:46 error: [POST] /api/users/clients/updateClient/71 >> StatusCode:: 500, Message:: Sorry, HTTP resource you are looking for was not found.
2023-06-21 13:40:46 error: [POST] /api/users/clients/updateClient/71 >> StatusCode:: 500, Message:: Sorry, HTTP resource you are looking for was not found.
2023-06-21 13:40:46 error: [POST] /api/users/clients/updateClient/71 >> StatusCode:: 500, Message:: Sorry, HTTP resource you are looking for was not found.
2023-06-21 13:40:46 error: [POST] /api/users/clients/updateCliesnt/71 >> StatusCode:: 500, Message:: Sorry, HTTP resource you are looking for was not found.
2023-06-21 13:40:46 error: [POST] /api/users/clients/updateClient/71 >> StatusCode:: 500, Message:: Sorry, HTTP resource you are looking for was not found.
2023-06-21 13:42:54 info: ../logs
2023-06-21 13:42:54 info: D:\athena-microservice\athena\libs\shared\logger\src\lib
2023-06-21 13:42:56 error: [POST] /api/users/clients/updateClient/71 >> StatusCode:: 500, Message:: Sorry, HTTP resource you are looking for was not found.
2023-06-21 13:42:56 error: [POST] /api/users/clients/updateClient/undefined >> StatusCode:: 500, Message:: Sorry, HTTP resource you are looking for was not found.
2023-06-21 13:42:56 error: [POST] /api/users/clients/updateClient/undefined >> StatusCode:: 500, Message:: Sorry, HTTP resource you are looking for was not found.
2023-06-21 13:42:56 error: [POST] /api/users/clients/updateCliesnt/undefined >> StatusCode:: 500, Message:: Sorry, HTTP resource you are looking for was not found.
2023-06-21 13:42:56 error: [POST] /api/users/clients/updateClient/undefined >> StatusCode:: 500, Message:: Sorry, HTTP resource you are looking for was not found.
2023-06-21 13:43:47 info: ../logs
2023-06-21 13:43:47 info: D:\athena-microservice\athena\libs\shared\logger\src\lib
2023-06-21 13:43:48 error: [POST] /api/users/clients/updateClient/71 >> StatusCode:: 500, Message:: Sorry, HTTP resource you are looking for was not found.
2023-06-21 13:43:48 error: [POST] /api/users/clients/updateClient/undefined >> StatusCode:: 500, Message:: Sorry, HTTP resource you are looking for was not found.
2023-06-21 13:43:48 error: [POST] /api/users/clients/updateClient/undefined >> StatusCode:: 500, Message:: Sorry, HTTP resource you are looking for was not found.
2023-06-21 13:43:48 error: [POST] /api/users/clients/updateCliesnt/undefined >> StatusCode:: 500, Message:: Sorry, HTTP resource you are looking for was not found.
2023-06-21 13:43:48 error: [POST] /api/users/clients/updateClient/undefined >> StatusCode:: 500, Message:: Sorry, HTTP resource you are looking for was not found.
2023-06-21 13:46:17 info: ../logs
2023-06-21 13:46:17 info: D:\athena-microservice\athena\libs\shared\logger\src\lib
2023-06-21 13:46:19 error: [POST] /api/users/clients/updateClient/71 >> StatusCode:: 500, Message:: Sorry, HTTP resource you are looking for was not found.
2023-06-21 15:01:58 info: ../logs
2023-06-21 15:01:58 info: D:\athena-microservice\athena\libs\shared\logger\src\lib
2023-06-21 15:02:00 error: [POST] /api/users/clients/createClient >> StatusCode:: 401, Message:: Unauthorized
2023-06-21 15:02:01 error: [POST] /api/users/clients/createClien >> StatusCode:: 500, Message:: Sorry, HTTP resource you are looking for was not found.
2023-06-21 15:02:02 error: [GET] /api/users/clients/29 >> StatusCode:: 401, Message:: Unauthorized
2023-06-21 15:02:02 error: [GET] /api/users/clients/a >> StatusCode:: 500, Message:: Sorry, HTTP resource you are looking for was not found.
2023-06-21 15:02:02 error: [GET] /api/user/clients/29 >> StatusCode:: 500, Message:: Sorry, HTTP resource you are looking for was not found.
2023-06-21 15:02:03 error: [GET] /api/users/clients/getAsllClients >> StatusCode:: 500, Message:: Sorry, HTTP resource you are looking for was not found.
2023-06-21 15:02:05 error: [PUT] /api/users/clients/updateCliesnt/73 >> StatusCode:: 500, Message:: Sorry, HTTP resource you are looking for was not found.
2023-06-21 15:07:01 info: ../logs
2023-06-21 15:07:01 info: D:\athena-microservice\athena\libs\shared\logger\src\lib
2023-06-21 15:07:03 error: [POST] /api/users/clients/createClient >> StatusCode:: 401, Message:: Unauthorized
2023-06-21 15:07:04 error: [POST] /api/users/clients/createClien >> StatusCode:: 500, Message:: Sorry, HTTP resource you are looking for was not found.
2023-06-21 15:07:05 error: [GET] /api/users/clients/29 >> StatusCode:: 401, Message:: Unauthorized
2023-06-21 15:07:05 error: [GET] /api/users/clients/a >> StatusCode:: 500, Message:: Sorry, HTTP resource you are looking for was not found.
2023-06-21 15:07:05 error: [GET] /api/user/clients/29 >> StatusCode:: 500, Message:: Sorry, HTTP resource you are looking for was not found.
2023-06-21 15:07:06 error: [GET] /api/users/clients/getAsllClients >> StatusCode:: 500, Message:: Sorry, HTTP resource you are looking for was not found.
2023-06-21 15:07:08 error: [PUT] /api/users/clients/updateCliesnt/75 >> StatusCode:: 500, Message:: Sorry, HTTP resource you are looking for was not found.
2023-06-21 15:09:03 info: ../logs
2023-06-21 15:09:03 info: D:\athena-microservice\athena\libs\shared\logger\src\lib
2023-06-21 15:09:05 error: [POST] /api/users/clients/createClient >> StatusCode:: 401, Message:: Unauthorized
2023-06-21 15:09:06 error: [POST] /api/users/clients/createClien >> StatusCode:: 500, Message:: Sorry, HTTP resource you are looking for was not found.
2023-06-21 15:09:06 error: [GET] /api/users/clients/undefined >> StatusCode:: 500, Message:: Sorry, HTTP resource you are looking for was not found.
2023-06-21 15:09:06 error: [GET] /api/users/clients/29 >> StatusCode:: 401, Message:: Unauthorized
2023-06-21 15:09:07 error: [GET] /api/users/clients/a >> StatusCode:: 500, Message:: Sorry, HTTP resource you are looking for was not found.
2023-06-21 15:09:07 error: [GET] /api/user/clients/29 >> StatusCode:: 500, Message:: Sorry, HTTP resource you are looking for was not found.
2023-06-21 15:09:07 error: [GET] /api/users/clients/getAsllClients >> StatusCode:: 500, Message:: Sorry, HTTP resource you are looking for was not found.
2023-06-21 15:09:07 error: [PUT] /api/users/clients/updateClient/undefined >> StatusCode:: 500, Message:: Sorry, HTTP resource you are looking for was not found.
2023-06-21 15:09:07 error: [PUT] /api/users/clients/updateClient/undefined >> StatusCode:: 500, Message:: Sorry, HTTP resource you are looking for was not found.
2023-06-21 15:09:07 error: [PUT] /api/users/clients/updateClient/undefined >> StatusCode:: 500, Message:: Sorry, HTTP resource you are looking for was not found.
2023-06-21 15:09:07 error: [PUT] /api/users/clients/updateCliesnt/undefined >> StatusCode:: 500, Message:: Sorry, HTTP resource you are looking for was not found.
2023-06-21 15:09:07 error: [PUT] /api/users/clients/updateClient/undefined >> StatusCode:: 500, Message:: Sorry, HTTP resource you are looking for was not found.
2023-06-21 15:09:36 info: ../logs
2023-06-21 15:09:36 info: D:\athena-microservice\athena\libs\shared\logger\src\lib
2023-06-21 15:09:38 error: [POST] /api/users/clients/createClient >> StatusCode:: 401, Message:: Unauthorized
2023-06-21 15:09:38 error: [POST] /api/users/clients/createClien >> StatusCode:: 500, Message:: Sorry, HTTP resource you are looking for was not found.
2023-06-21 15:09:39 error: [GET] /api/users/clients/29 >> StatusCode:: 401, Message:: Unauthorized
2023-06-21 15:09:39 error: [GET] /api/users/clients/a >> StatusCode:: 500, Message:: Sorry, HTTP resource you are looking for was not found.
2023-06-21 15:09:39 error: [GET] /api/user/clients/29 >> StatusCode:: 500, Message:: Sorry, HTTP resource you are looking for was not found.
2023-06-21 15:09:40 error: [GET] /api/users/clients/getAsllClients >> StatusCode:: 500, Message:: Sorry, HTTP resource you are looking for was not found.
2023-06-21 15:09:42 error: [PUT] /api/users/clients/updateCliesnt/79 >> StatusCode:: 500, Message:: Sorry, HTTP resource you are looking for was not found.
2023-06-21 15:25:12 info: ../logs
2023-06-21 15:25:12 info: D:\athena-microservice\athena\libs\shared\logger\src\lib
2023-06-21 15:25:14 error: [POST] /api/users/clients/createClient >> StatusCode:: 401, Message:: Unauthorized
2023-06-21 15:25:14 error: [POST] /api/users/clients/createClien >> StatusCode:: 500, Message:: Sorry, HTTP resource you are looking for was not found.
2023-06-21 15:25:15 error: [GET] /api/users/clients/29 >> StatusCode:: 401, Message:: Unauthorized
2023-06-21 15:25:15 error: [GET] /api/users/clients/a >> StatusCode:: 500, Message:: Sorry, HTTP resource you are looking for was not found.
2023-06-21 15:25:15 error: [GET] /api/user/clients/29 >> StatusCode:: 500, Message:: Sorry, HTTP resource you are looking for was not found.
2023-06-21 15:25:16 error: [GET] /api/users/clients/getAsllClients >> StatusCode:: 500, Message:: Sorry, HTTP resource you are looking for was not found.
2023-06-21 15:25:17 error: [PUT] /api/users/clients/updateCliesnt/81 >> StatusCode:: 500, Message:: Sorry, HTTP resource you are looking for was not found.
2023-06-21 15:39:33 info: ../logs
2023-06-21 15:39:33 info: D:\athena-microservice\athena\libs\shared\logger\src\lib
2023-06-21 15:39:36 error: [POST] /api/users/clients/createClien >> StatusCode:: 500, Message:: Sorry, HTTP resource you are looking for was not found.
2023-06-21 15:40:43 info: ../logs
2023-06-21 15:40:43 info: D:\athena-microservice\athena\libs\shared\logger\src\lib
2023-06-21 15:52:12 info: ../logs
2023-06-21 15:52:12 info: D:\athena-microservice\athena\libs\shared\logger\src\lib
2023-06-21 15:53:10 info: ../logs
2023-06-21 15:53:10 info: D:\athena-microservice\athena\libs\shared\logger\src\lib
2023-06-21 15:56:41 info: ../logs
2023-06-21 15:56:41 info: D:\athena-microservice\athena\libs\shared\logger\src\lib
2023-06-21 15:56:43 error: [POST] /api/users/clients/getSSClients >> StatusCode:: 500, Message:: Sorry, HTTP resource you are looking for was not found.
2023-06-21 15:58:27 info: ../logs
2023-06-21 15:58:27 info: D:\athena-microservice\athena\libs\shared\logger\src\lib
2023-06-21 15:58:29 error: [POST] /api/users/clients/getSSClients >> StatusCode:: 500, Message:: Sorry, HTTP resource you are looking for was not found.
