2023-06-23 11:09:02 info: ../logs
2023-06-23 11:09:02 info: D:\athena-microservice\athena\libs\shared\logger\src\lib
2023-06-23 11:09:04 error: [POST] /api/users/roles/crweateRoles >> StatusCode:: 500, Message:: Sorry, HTTP resource you are looking for was not found.
2023-06-23 11:09:04 error: [GET] /api/users/roles/undefined >> StatusCode:: 500, Message:: Sorry, HTTP resource you are looking for was not found.
2023-06-23 11:09:04 error: [GET] /api/users/roles/undefined >> StatusCode:: 500, Message:: Sorry, HTTP resource you are looking for was not found.
2023-06-23 11:09:04 error: [GET] /api/users/roles/a >> StatusCode:: 500, Message:: Sorry, HTTP resource you are looking for was not found.
2023-06-23 11:09:05 error: [GET] /api/ussser/roles/29 >> StatusCode:: 500, Message:: Sorry, HTTP resource you are looking for was not found.
2023-06-23 11:09:45 info: ../logs
2023-06-23 11:09:45 info: D:\athena-microservice\athena\libs\shared\logger\src\lib
2023-06-23 11:09:46 error: [POST] /api/users/roles/crweateRoles >> StatusCode:: 500, Message:: Sorry, HTTP resource you are looking for was not found.
2023-06-23 11:09:46 error: [GET] /api/users/roles/undefined >> StatusCode:: 500, Message:: Sorry, HTTP resource you are looking for was not found.
2023-06-23 11:09:46 error: [GET] /api/users/roles/undefined >> StatusCode:: 500, Message:: Sorry, HTTP resource you are looking for was not found.
2023-06-23 11:09:46 error: [GET] /api/users/roles/a >> StatusCode:: 500, Message:: Sorry, HTTP resource you are looking for was not found.
2023-06-23 11:09:46 error: [GET] /api/ussser/roles/29 >> StatusCode:: 500, Message:: Sorry, HTTP resource you are looking for was not found.
2023-06-23 11:22:13 info: ../logs
2023-06-23 11:22:13 info: D:\athena-microservice\athena\libs\shared\logger\src\lib
2023-06-23 11:22:14 error: [POST] /api/users/roles/crweateRoles >> StatusCode:: 500, Message:: Sorry, HTTP resource you are looking for was not found.
2023-06-23 11:22:14 error: [GET] /api/users/roles/undefined >> StatusCode:: 500, Message:: Sorry, HTTP resource you are looking for was not found.
2023-06-23 11:22:14 error: [GET] /api/users/roles/undefined >> StatusCode:: 500, Message:: Sorry, HTTP resource you are looking for was not found.
2023-06-23 11:22:14 error: [GET] /api/users/roles/a >> StatusCode:: 500, Message:: Sorry, HTTP resource you are looking for was not found.
2023-06-23 11:22:14 error: [GET] /api/ussser/roles/29 >> StatusCode:: 500, Message:: Sorry, HTTP resource you are looking for was not found.
2023-06-23 11:22:52 info: ../logs
2023-06-23 11:22:52 info: D:\athena-microservice\athena\libs\shared\logger\src\lib
2023-06-23 11:22:53 error: [POST] /api/users/roles/crweateRoles >> StatusCode:: 500, Message:: Sorry, HTTP resource you are looking for was not found.
2023-06-23 11:22:53 error: [GET] /api/users/roles/undefined >> StatusCode:: 500, Message:: Sorry, HTTP resource you are looking for was not found.
2023-06-23 11:22:53 error: [GET] /api/users/roles/undefined >> StatusCode:: 500, Message:: Sorry, HTTP resource you are looking for was not found.
2023-06-23 11:22:53 error: [GET] /api/users/roles/a >> StatusCode:: 500, Message:: Sorry, HTTP resource you are looking for was not found.
2023-06-23 11:22:53 error: [GET] /api/ussser/roles/29 >> StatusCode:: 500, Message:: Sorry, HTTP resource you are looking for was not found.
2023-06-23 11:24:21 info: ../logs
2023-06-23 11:24:21 info: D:\athena-microservice\athena\libs\shared\logger\src\lib
2023-06-23 11:24:22 error: [POST] /api/users/roles/crweateRoles >> StatusCode:: 500, Message:: Sorry, HTTP resource you are looking for was not found.
2023-06-23 11:24:22 error: [GET] /api/users/roles/undefined >> StatusCode:: 500, Message:: Sorry, HTTP resource you are looking for was not found.
2023-06-23 11:24:22 error: [GET] /api/users/roles/undefined >> StatusCode:: 500, Message:: Sorry, HTTP resource you are looking for was not found.
2023-06-23 11:24:22 error: [GET] /api/users/roles/a >> StatusCode:: 500, Message:: Sorry, HTTP resource you are looking for was not found.
2023-06-23 11:24:22 error: [GET] /api/ussser/roles/29 >> StatusCode:: 500, Message:: Sorry, HTTP resource you are looking for was not found.
2023-06-23 11:26:45 info: ../logs
2023-06-23 11:26:45 info: D:\athena-microservice\athena\libs\shared\logger\src\lib
2023-06-23 11:26:46 error: [POST] /api/users/roles/crweateRoles >> StatusCode:: 500, Message:: Sorry, HTTP resource you are looking for was not found.
2023-06-23 11:26:46 error: [GET] /api/users/roles/undefined >> StatusCode:: 500, Message:: Sorry, HTTP resource you are looking for was not found.
2023-06-23 11:26:46 error: [GET] /api/users/roles/a >> StatusCode:: 500, Message:: Sorry, HTTP resource you are looking for was not found.
2023-06-23 11:26:46 error: [GET] /api/ussser/roles/29 >> StatusCode:: 500, Message:: Sorry, HTTP resource you are looking for was not found.
2023-06-23 11:29:47 info: ../logs
2023-06-23 11:29:47 info: D:\athena-microservice\athena\libs\shared\logger\src\lib
2023-06-23 11:29:48 error: [POST] /api/users/roles/crweateRoles >> StatusCode:: 500, Message:: Sorry, HTTP resource you are looking for was not found.
2023-06-23 11:29:48 error: [GET] /api/users/roles/undefined >> StatusCode:: 500, Message:: Sorry, HTTP resource you are looking for was not found.
2023-06-23 11:29:48 error: [GET] /api/users/roles/undefined >> StatusCode:: 500, Message:: Sorry, HTTP resource you are looking for was not found.
2023-06-23 11:29:48 error: [GET] /api/users/roles/a >> StatusCode:: 500, Message:: Sorry, HTTP resource you are looking for was not found.
2023-06-23 11:29:48 error: [GET] /api/ussser/roles/29 >> StatusCode:: 500, Message:: Sorry, HTTP resource you are looking for was not found.
2023-06-23 11:30:03 info: ../logs
2023-06-23 11:30:03 info: D:\athena-microservice\athena\libs\shared\logger\src\lib
2023-06-23 11:30:04 error: [POST] /api/users/roles/crweateRoles >> StatusCode:: 500, Message:: Sorry, HTTP resource you are looking for was not found.
2023-06-23 11:30:04 error: [GET] /api/users/roles/undefined >> StatusCode:: 500, Message:: Sorry, HTTP resource you are looking for was not found.
2023-06-23 11:30:04 error: [GET] /api/users/roles/undefined >> StatusCode:: 500, Message:: Sorry, HTTP resource you are looking for was not found.
2023-06-23 11:30:04 error: [GET] /api/users/roles/a >> StatusCode:: 500, Message:: Sorry, HTTP resource you are looking for was not found.
2023-06-23 11:30:04 error: [GET] /api/ussser/roles/29 >> StatusCode:: 500, Message:: Sorry, HTTP resource you are looking for was not found.
2023-06-23 11:33:11 info: ../logs
2023-06-23 11:33:11 info: D:\athena-microservice\athena\libs\shared\logger\src\lib
2023-06-23 11:33:12 error: [POST] /api/users/roles/crweateRoles >> StatusCode:: 500, Message:: Sorry, HTTP resource you are looking for was not found.
2023-06-23 11:33:12 error: [GET] /api/users/roles/undefined >> StatusCode:: 500, Message:: Sorry, HTTP resource you are looking for was not found.
2023-06-23 11:33:12 error: [GET] /api/users/roles/undefined >> StatusCode:: 500, Message:: Sorry, HTTP resource you are looking for was not found.
2023-06-23 11:33:12 error: [GET] /api/users/roles/a >> StatusCode:: 500, Message:: Sorry, HTTP resource you are looking for was not found.
2023-06-23 11:33:12 error: [GET] /api/ussser/roles/29 >> StatusCode:: 500, Message:: Sorry, HTTP resource you are looking for was not found.
2023-06-23 11:33:54 info: ../logs
2023-06-23 11:33:54 info: D:\athena-microservice\athena\libs\shared\logger\src\lib
2023-06-23 11:33:55 error: [POST] /api/users/roles/crweateRoles >> StatusCode:: 500, Message:: Sorry, HTTP resource you are looking for was not found.
2023-06-23 11:33:55 error: [GET] /api/users/roles/undefined >> StatusCode:: 500, Message:: Sorry, HTTP resource you are looking for was not found.
2023-06-23 11:33:55 error: [GET] /api/users/roles/undefined >> StatusCode:: 500, Message:: Sorry, HTTP resource you are looking for was not found.
2023-06-23 11:33:55 error: [GET] /api/users/roles/a >> StatusCode:: 500, Message:: Sorry, HTTP resource you are looking for was not found.
2023-06-23 11:33:55 error: [GET] /api/ussser/roles/29 >> StatusCode:: 500, Message:: Sorry, HTTP resource you are looking for was not found.
2023-06-23 11:35:33 info: ../logs
2023-06-23 11:35:33 info: D:\athena-microservice\athena\libs\shared\logger\src\lib
2023-06-23 11:35:34 error: [POST] /api/users/roles/crweateRoles >> StatusCode:: 500, Message:: Sorry, HTTP resource you are looking for was not found.
2023-06-23 11:35:34 error: [GET] /api/users/roles/undefined >> StatusCode:: 500, Message:: Sorry, HTTP resource you are looking for was not found.
2023-06-23 11:35:34 error: [GET] /api/users/roles/a >> StatusCode:: 500, Message:: Sorry, HTTP resource you are looking for was not found.
2023-06-23 11:35:34 error: [GET] /api/ussser/roles/29 >> StatusCode:: 500, Message:: Sorry, HTTP resource you are looking for was not found.
2023-06-23 11:37:57 info: ../logs
2023-06-23 11:37:57 info: D:\athena-microservice\athena\libs\shared\logger\src\lib
2023-06-23 11:37:57 error: [POST] /api/users/roles/crweateRoles >> StatusCode:: 500, Message:: Sorry, HTTP resource you are looking for was not found.
2023-06-23 11:37:58 error: [GET] /api/users/roles/undefined >> StatusCode:: 500, Message:: Sorry, HTTP resource you are looking for was not found.
2023-06-23 11:37:58 error: [GET] /api/users/roles/a >> StatusCode:: 500, Message:: Sorry, HTTP resource you are looking for was not found.
2023-06-23 11:37:58 error: [GET] /api/ussser/roles/29 >> StatusCode:: 500, Message:: Sorry, HTTP resource you are looking for was not found.
2023-06-23 11:37:58 error: [PUT] /api/users/roles/crweateRoles >> StatusCode:: 500, Message:: Sorry, HTTP resource you are looking for was not found.
2023-06-23 11:39:19 info: ../logs
2023-06-23 11:39:19 info: D:\athena-microservice\athena\libs\shared\logger\src\lib
2023-06-23 11:39:20 error: [POST] /api/users/roles/crweateRoles >> StatusCode:: 500, Message:: Sorry, HTTP resource you are looking for was not found.
2023-06-23 11:39:20 error: [GET] /api/users/roles/undefined >> StatusCode:: 500, Message:: Sorry, HTTP resource you are looking for was not found.
2023-06-23 11:39:20 error: [GET] /api/users/roles/a >> StatusCode:: 500, Message:: Sorry, HTTP resource you are looking for was not found.
2023-06-23 11:39:20 error: [GET] /api/ussser/roles/29 >> StatusCode:: 500, Message:: Sorry, HTTP resource you are looking for was not found.
2023-06-23 11:39:21 error: [PUT] /api/users/roles/crweateRoles >> StatusCode:: 500, Message:: Sorry, HTTP resource you are looking for was not found.
2023-06-23 11:39:36 info: ../logs
2023-06-23 11:39:36 info: D:\athena-microservice\athena\libs\shared\logger\src\lib
2023-06-23 11:39:37 error: [POST] /api/users/roles/crweateRoles >> StatusCode:: 500, Message:: Sorry, HTTP resource you are looking for was not found.
2023-06-23 11:39:37 error: [GET] /api/users/roles/undefined >> StatusCode:: 500, Message:: Sorry, HTTP resource you are looking for was not found.
2023-06-23 11:39:37 error: [GET] /api/users/roles/a >> StatusCode:: 500, Message:: Sorry, HTTP resource you are looking for was not found.
2023-06-23 11:39:37 error: [GET] /api/ussser/roles/29 >> StatusCode:: 500, Message:: Sorry, HTTP resource you are looking for was not found.
2023-06-23 11:39:38 error: [PUT] /api/users/roles/crweateRoles >> StatusCode:: 500, Message:: Sorry, HTTP resource you are looking for was not found.
2023-06-23 11:42:19 info: ../logs
2023-06-23 11:42:19 info: D:\athena-microservice\athena\libs\shared\logger\src\lib
2023-06-23 11:42:20 error: [POST] /api/users/roles/crweateRoles >> StatusCode:: 500, Message:: Sorry, HTTP resource you are looking for was not found.
2023-06-23 11:42:20 error: [GET] /api/users/roles/a >> StatusCode:: 500, Message:: Sorry, HTTP resource you are looking for was not found.
2023-06-23 11:42:20 error: [GET] /api/ussser/roles/29 >> StatusCode:: 500, Message:: Sorry, HTTP resource you are looking for was not found.
2023-06-23 11:42:21 error: [PUT] /api/users/roles/crweateRoles >> StatusCode:: 500, Message:: Sorry, HTTP resource you are looking for was not found.
2023-06-23 11:42:21 error: [GET] /api/ussser/roles/29 >> StatusCode:: 500, Message:: Sorry, HTTP resource you are looking for was not found.
2023-06-23 11:42:46 info: ../logs
2023-06-23 11:42:46 info: D:\athena-microservice\athena\libs\shared\logger\src\lib
2023-06-23 11:42:47 error: [POST] /api/users/roles/crweateRoles >> StatusCode:: 500, Message:: Sorry, HTTP resource you are looking for was not found.
2023-06-23 11:42:47 error: [GET] /api/users/roles/a >> StatusCode:: 500, Message:: Sorry, HTTP resource you are looking for was not found.
2023-06-23 11:42:47 error: [GET] /api/ussser/roles/29 >> StatusCode:: 500, Message:: Sorry, HTTP resource you are looking for was not found.
2023-06-23 11:42:48 error: [PUT] /api/users/roles/crweateRoles >> StatusCode:: 500, Message:: Sorry, HTTP resource you are looking for was not found.
2023-06-23 11:42:48 error: [GET] /api/ussser/roles/29 >> StatusCode:: 500, Message:: Sorry, HTTP resource you are looking for was not found.
2023-06-23 11:44:07 info: ../logs
2023-06-23 11:44:07 info: D:\athena-microservice\athena\libs\shared\logger\src\lib
2023-06-23 11:44:08 error: [POST] /api/users/roles/crweateRoles >> StatusCode:: 500, Message:: Sorry, HTTP resource you are looking for was not found.
2023-06-23 11:44:08 error: [GET] /api/users/roles/a >> StatusCode:: 500, Message:: Sorry, HTTP resource you are looking for was not found.
2023-06-23 11:44:08 error: [GET] /api/ussser/roles/29 >> StatusCode:: 500, Message:: Sorry, HTTP resource you are looking for was not found.
2023-06-23 11:44:08 error: [PUT] /api/users/roles/crweateRoles >> StatusCode:: 500, Message:: Sorry, HTTP resource you are looking for was not found.
2023-06-23 11:44:08 error: [GET] /api/users/roles/getRoles >> StatusCode:: 401, Message:: Unauthorized
2023-06-23 11:44:08 error: [GET] /api/ussser/roles/29 >> StatusCode:: 500, Message:: Sorry, HTTP resource you are looking for was not found.
2023-06-23 11:55:02 info: ../logs
2023-06-23 11:55:02 info: D:\athena-microservice\athena\libs\shared\logger\src\lib
2023-06-23 11:55:03 error: [POST] /api/users/roles/crweateRoles >> StatusCode:: 500, Message:: Sorry, HTTP resource you are looking for was not found.
2023-06-23 11:55:03 error: [GET] /api/users/roles/a >> StatusCode:: 500, Message:: Sorry, HTTP resource you are looking for was not found.
2023-06-23 11:55:03 error: [GET] /api/ussser/roles/29 >> StatusCode:: 500, Message:: Sorry, HTTP resource you are looking for was not found.
2023-06-23 11:55:03 error: [PUT] /api/users/roles/crweateRoles >> StatusCode:: 500, Message:: Sorry, HTTP resource you are looking for was not found.
2023-06-23 11:55:04 error: [GET] /api/users/roles/getRoles >> StatusCode:: 401, Message:: Unauthorized
2023-06-23 11:55:04 error: [GET] /api/ussser/roles/29 >> StatusCode:: 500, Message:: Sorry, HTTP resource you are looking for was not found.
2023-06-23 11:55:23 info: ../logs
2023-06-23 11:55:23 info: D:\athena-microservice\athena\libs\shared\logger\src\lib
2023-06-23 11:55:26 error: [GET] /api/ussser/skillSet/29 >> StatusCode:: 500, Message:: Sorry, HTTP resource you are looking for was not found.
2023-06-23 11:56:00 info: ../logs
2023-06-23 11:56:00 info: D:\athena-microservice\athena\libs\shared\logger\src\lib
2023-06-23 11:56:02 error: [GET] /api/ussser/skillSet/29 >> StatusCode:: 500, Message:: Sorry, HTTP resource you are looking for was not found.
2023-06-23 11:57:44 info: ../logs
2023-06-23 11:57:44 info: D:\athena-microservice\athena\libs\shared\logger\src\lib
2023-06-23 11:57:46 error: [GET] /api/ussser/skillSet/29 >> StatusCode:: 500, Message:: Sorry, HTTP resource you are looking for was not found.
2023-06-23 12:33:01 info: ../logs
2023-06-23 12:33:01 info: D:\athena-microservice\athena\libs\shared\logger\src\lib
2023-06-23 12:33:03 error: [POST] /api/users/roles/crweateRoles >> StatusCode:: 500, Message:: Sorry, HTTP resource you are looking for was not found.
2023-06-23 12:33:04 error: [GET] /api/users/roles/a >> StatusCode:: 500, Message:: Sorry, HTTP resource you are looking for was not found.
2023-06-23 12:33:04 error: [GET] /api/ussser/roles/29 >> StatusCode:: 500, Message:: Sorry, HTTP resource you are looking for was not found.
2023-06-23 12:33:04 error: [PUT] /api/users/roles/crweateRoles >> StatusCode:: 500, Message:: Sorry, HTTP resource you are looking for was not found.
2023-06-23 12:33:05 error: [GET] /api/users/roles/getRoles >> StatusCode:: 401, Message:: Unauthorized
2023-06-23 12:33:05 error: [GET] /api/ussser/roles/29 >> StatusCode:: 500, Message:: Sorry, HTTP resource you are looking for was not found.
2023-06-23 15:06:09 info: ../logs
2023-06-23 15:06:09 info: D:\athena-microservice\athena\libs\shared\logger\src\lib
2023-06-23 15:06:09 error: [GET] /api/users/ >> StatusCode:: 500, Message:: Sorry, HTTP resource you are looking for was not found.
2023-06-23 15:06:09 error: [GET] /api/users/ >> StatusCode:: 500, Message:: Sorry, HTTP resource you are looking for was not found.
2023-06-23 15:06:09 error: [GET] /api/users//getAsllmodules >> StatusCode:: 500, Message:: Sorry, HTTP resource you are looking for was not found.
2023-06-23 15:07:20 info: ../logs
2023-06-23 15:07:20 info: D:\athena-microservice\athena\libs\shared\logger\src\lib
2023-06-23 15:07:20 error: [GET] /api/users/ >> StatusCode:: 500, Message:: Sorry, HTTP resource you are looking for was not found.
2023-06-23 15:07:20 error: [GET] /api/users/ >> StatusCode:: 500, Message:: Sorry, HTTP resource you are looking for was not found.
2023-06-23 15:07:20 error: [GET] /api/users//getAsllmodules >> StatusCode:: 500, Message:: Sorry, HTTP resource you are looking for was not found.
2023-06-23 15:07:54 info: ../logs
2023-06-23 15:07:54 info: D:\athena-microservice\athena\libs\shared\logger\src\lib
2023-06-23 15:07:55 error: [GET] /api/users/ >> StatusCode:: 500, Message:: Sorry, HTTP resource you are looking for was not found.
2023-06-23 15:07:55 error: [GET] /api/users/ >> StatusCode:: 500, Message:: Sorry, HTTP resource you are looking for was not found.
2023-06-23 15:07:55 error: [GET] /api/users//getAsllmodules >> StatusCode:: 500, Message:: Sorry, HTTP resource you are looking for was not found.
2023-06-23 15:08:57 info: ../logs
2023-06-23 15:08:57 info: D:\athena-microservice\athena\libs\shared\logger\src\lib
2023-06-23 15:08:58 error: [GET] /api/users/ >> StatusCode:: 500, Message:: Sorry, HTTP resource you are looking for was not found.
2023-06-23 15:08:58 error: [GET] /api/users//getAsllmodules >> StatusCode:: 500, Message:: Sorry, HTTP resource you are looking for was not found.
2023-06-23 15:09:30 info: ../logs
2023-06-23 15:09:30 info: D:\athena-microservice\athena\libs\shared\logger\src\lib
2023-06-23 15:09:31 error: [GET] /api/users/ >> StatusCode:: 500, Message:: Sorry, HTTP resource you are looking for was not found.
2023-06-23 15:09:31 error: [GET] /api/users//getAsllmodules >> StatusCode:: 500, Message:: Sorry, HTTP resource you are looking for was not found.
2023-06-23 15:10:27 info: ../logs
2023-06-23 15:10:27 info: D:\athena-microservice\athena\libs\shared\logger\src\lib
2023-06-23 15:10:28 error: [GET] /api/users/getAuth >> StatusCode:: 401, Message:: Unauthorized
2023-06-23 15:10:28 error: [GET] /api/users//getAsllmodules >> StatusCode:: 500, Message:: Sorry, HTTP resource you are looking for was not found.
